2025-07-12T08:54:59.931Z CLI debug [testhub:service]     loaded module: _0x448194
2025-07-12T08:54:59.931Z CLI debug [instrumentation:service]     loaded module: instrumentation:module
2025-07-12T08:54:59.931Z CLI debug [observability:service]     loaded module: observability:module
2025-07-12T08:54:59.931Z CLI debug [accessibility:service]     loaded module: accessibility:module
2025-07-12T08:54:59.931Z CLI debug [ai:service]     loaded module: _0x2dd194
2025-07-12T08:54:59.932Z CLI debug [percy:service]     loaded module: _0x7eb6bb
2025-07-12T08:54:59.932Z CLI debug [local:service]     loaded module: _0x5db687
2025-07-12T08:54:59.932Z CLI debug [appautomate:service]     loaded module: appautomate:module
2025-07-12T08:54:59.969Z CLI debug [main]     Starting main function execution
2025-07-12T08:54:59.970Z CLI debug [main]     Executing CLI
2025-07-12T08:55:06.775Z CLI debug [testhub:service]     loaded module: _0x448194
2025-07-12T08:55:06.775Z CLI debug [instrumentation:service]     loaded module: instrumentation:module
2025-07-12T08:55:06.775Z CLI debug [observability:service]     loaded module: observability:module
2025-07-12T08:55:06.775Z CLI debug [accessibility:service]     loaded module: accessibility:module
2025-07-12T08:55:06.775Z CLI debug [ai:service]     loaded module: _0x2dd194
2025-07-12T08:55:06.775Z CLI debug [percy:service]     loaded module: _0x7eb6bb
2025-07-12T08:55:06.776Z CLI debug [local:service]     loaded module: _0x5db687
2025-07-12T08:55:06.776Z CLI debug [appautomate:service]     loaded module: appautomate:module
2025-07-12T08:55:06.823Z CLI debug [main]     Starting main function execution
2025-07-12T08:55:06.823Z CLI debug [main]     Executing CLI
2025-07-12T08:55:06.797Z CLI debug [testhub:service]     loaded module: _0x448194
2025-07-12T08:55:06.797Z CLI debug [instrumentation:service]     loaded module: instrumentation:module
2025-07-12T08:55:06.798Z CLI debug [observability:service]     loaded module: observability:module
2025-07-12T08:55:06.798Z CLI debug [accessibility:service]     loaded module: accessibility:module
2025-07-12T08:55:06.798Z CLI debug [ai:service]     loaded module: _0x2dd194
2025-07-12T08:55:06.798Z CLI debug [percy:service]     loaded module: _0x7eb6bb
2025-07-12T08:55:06.798Z CLI debug [local:service]     loaded module: _0x5db687
2025-07-12T08:55:06.799Z CLI debug [appautomate:service]     loaded module: appautomate:module
2025-07-12T08:55:06.803Z CLI debug [testhub:service]     loaded module: _0x448194
2025-07-12T08:55:06.845Z CLI debug [main]     Starting main function execution
2025-07-12T08:55:06.846Z CLI debug [main]     Executing CLI
2025-07-12T08:55:06.803Z CLI debug [instrumentation:service]     loaded module: instrumentation:module
2025-07-12T08:55:06.803Z CLI debug [observability:service]     loaded module: observability:module
2025-07-12T08:55:06.803Z CLI debug [accessibility:service]     loaded module: accessibility:module
2025-07-12T08:55:06.803Z CLI debug [ai:service]     loaded module: _0x2dd194
2025-07-12T08:55:06.804Z CLI debug [percy:service]     loaded module: _0x7eb6bb
2025-07-12T08:55:06.804Z CLI debug [local:service]     loaded module: _0x5db687
2025-07-12T08:55:06.804Z CLI debug [appautomate:service]     loaded module: appautomate:module
2025-07-12T08:55:06.845Z CLI debug [main]     Starting main function execution
2025-07-12T08:55:06.846Z CLI debug [main]     Executing CLI
2025-07-12T09:05:20.031Z CLI debug [testhub:service]     loaded module: _0x448194
2025-07-12T09:05:20.031Z CLI debug [instrumentation:service]     loaded module: instrumentation:module
2025-07-12T09:05:20.031Z CLI debug [observability:service]     loaded module: observability:module
2025-07-12T09:05:20.031Z CLI debug [accessibility:service]     loaded module: accessibility:module
2025-07-12T09:05:20.032Z CLI debug [ai:service]     loaded module: _0x2dd194
2025-07-12T09:05:20.032Z CLI debug [percy:service]     loaded module: _0x7eb6bb
2025-07-12T09:05:20.032Z CLI debug [local:service]     loaded module: _0x5db687
2025-07-12T09:05:20.032Z CLI debug [appautomate:service]     loaded module: appautomate:module
2025-07-12T09:05:20.070Z CLI debug [main]     Starting main function execution
2025-07-12T09:05:20.071Z CLI debug [main]     Executing CLI
2025-07-12T09:05:26.221Z CLI debug [testhub:service]     loaded module: _0x448194
2025-07-12T09:05:26.222Z CLI debug [instrumentation:service]     loaded module: instrumentation:module
2025-07-12T09:05:26.222Z CLI debug [observability:service]     loaded module: observability:module
2025-07-12T09:05:26.222Z CLI debug [accessibility:service]     loaded module: accessibility:module
2025-07-12T09:05:26.222Z CLI debug [ai:service]     loaded module: _0x2dd194
2025-07-12T09:05:26.222Z CLI debug [percy:service]     loaded module: _0x7eb6bb
2025-07-12T09:05:26.223Z CLI debug [local:service]     loaded module: _0x5db687
2025-07-12T09:05:26.223Z CLI debug [appautomate:service]     loaded module: appautomate:module
2025-07-12T09:05:26.266Z CLI debug [main]     Starting main function execution
2025-07-12T09:05:26.267Z CLI debug [main]     Executing CLI
2025-07-12T09:05:26.272Z CLI debug [testhub:service]     loaded module: _0x448194
2025-07-12T09:05:26.272Z CLI debug [instrumentation:service]     loaded module: instrumentation:module
2025-07-12T09:05:26.272Z CLI debug [observability:service]     loaded module: observability:module
2025-07-12T09:05:26.272Z CLI debug [accessibility:service]     loaded module: accessibility:module
2025-07-12T09:05:26.273Z CLI debug [ai:service]     loaded module: _0x2dd194
2025-07-12T09:05:26.273Z CLI debug [percy:service]     loaded module: _0x7eb6bb
2025-07-12T09:05:26.273Z CLI debug [local:service]     loaded module: _0x5db687
2025-07-12T09:05:26.273Z CLI debug [appautomate:service]     loaded module: appautomate:module
2025-07-12T09:05:26.320Z CLI debug [main]     Starting main function execution
2025-07-12T09:05:26.321Z CLI debug [main]     Executing CLI
2025-07-12T09:05:26.279Z CLI debug [testhub:service]     loaded module: _0x448194
2025-07-12T09:05:26.280Z CLI debug [instrumentation:service]     loaded module: instrumentation:module
2025-07-12T09:05:26.280Z CLI debug [observability:service]     loaded module: observability:module
2025-07-12T09:05:26.280Z CLI debug [accessibility:service]     loaded module: accessibility:module
2025-07-12T09:05:26.280Z CLI debug [ai:service]     loaded module: _0x2dd194
2025-07-12T09:05:26.280Z CLI debug [percy:service]     loaded module: _0x7eb6bb
2025-07-12T09:05:26.281Z CLI debug [local:service]     loaded module: _0x5db687
2025-07-12T09:05:26.281Z CLI debug [appautomate:service]     loaded module: appautomate:module
2025-07-12T09:05:26.323Z CLI debug [main]     Starting main function execution
2025-07-12T09:05:26.324Z CLI debug [main]     Executing CLI
2025-07-12T09:07:10.849Z CLI debug [testhub:service]     loaded module: _0x448194
2025-07-12T09:07:10.850Z CLI debug [instrumentation:service]     loaded module: instrumentation:module
2025-07-12T09:07:10.850Z CLI debug [observability:service]     loaded module: observability:module
2025-07-12T09:07:10.850Z CLI debug [accessibility:service]     loaded module: accessibility:module
2025-07-12T09:07:10.850Z CLI debug [ai:service]     loaded module: _0x2dd194
2025-07-12T09:07:10.850Z CLI debug [percy:service]     loaded module: _0x7eb6bb
2025-07-12T09:07:10.851Z CLI debug [local:service]     loaded module: _0x5db687
2025-07-12T09:07:10.851Z CLI debug [appautomate:service]     loaded module: appautomate:module
2025-07-12T09:07:10.885Z CLI debug [main]     Starting main function execution
2025-07-12T09:07:10.886Z CLI debug [main]     Executing CLI
2025-07-12T09:07:17.735Z CLI debug [testhub:service]     loaded module: _0x448194
2025-07-12T09:07:17.735Z CLI debug [instrumentation:service]     loaded module: instrumentation:module
2025-07-12T09:07:17.735Z CLI debug [observability:service]     loaded module: observability:module
2025-07-12T09:07:17.736Z CLI debug [accessibility:service]     loaded module: accessibility:module
2025-07-12T09:07:17.736Z CLI debug [ai:service]     loaded module: _0x2dd194
2025-07-12T09:07:17.736Z CLI debug [percy:service]     loaded module: _0x7eb6bb
2025-07-12T09:07:17.736Z CLI debug [local:service]     loaded module: _0x5db687
2025-07-12T09:07:17.736Z CLI debug [appautomate:service]     loaded module: appautomate:module
2025-07-12T09:07:17.779Z CLI debug [main]     Starting main function execution
2025-07-12T09:07:17.780Z CLI debug [main]     Executing CLI
2025-07-12T09:07:17.734Z CLI debug [testhub:service]     loaded module: _0x448194
2025-07-12T09:07:17.734Z CLI debug [instrumentation:service]     loaded module: instrumentation:module
2025-07-12T09:07:17.734Z CLI debug [observability:service]     loaded module: observability:module
2025-07-12T09:07:17.734Z CLI debug [accessibility:service]     loaded module: accessibility:module
2025-07-12T09:07:17.734Z CLI debug [ai:service]     loaded module: _0x2dd194
2025-07-12T09:07:17.735Z CLI debug [percy:service]     loaded module: _0x7eb6bb
2025-07-12T09:07:17.735Z CLI debug [local:service]     loaded module: _0x5db687
2025-07-12T09:07:17.735Z CLI debug [appautomate:service]     loaded module: appautomate:module
2025-07-12T09:07:17.781Z CLI debug [main]     Starting main function execution
2025-07-12T09:07:17.782Z CLI debug [main]     Executing CLI
2025-07-12T09:07:17.771Z CLI debug [testhub:service]     loaded module: _0x448194
2025-07-12T09:07:17.771Z CLI debug [instrumentation:service]     loaded module: instrumentation:module
2025-07-12T09:07:17.771Z CLI debug [observability:service]     loaded module: observability:module
2025-07-12T09:07:17.771Z CLI debug [accessibility:service]     loaded module: accessibility:module
2025-07-12T09:07:17.772Z CLI debug [ai:service]     loaded module: _0x2dd194
2025-07-12T09:07:17.772Z CLI debug [percy:service]     loaded module: _0x7eb6bb
2025-07-12T09:07:17.772Z CLI debug [local:service]     loaded module: _0x5db687
2025-07-12T09:07:17.772Z CLI debug [appautomate:service]     loaded module: appautomate:module
2025-07-12T09:07:17.824Z CLI debug [main]     Starting main function execution
2025-07-12T09:07:17.825Z CLI debug [main]     Executing CLI
2025-07-12T09:11:05.726Z CLI debug [testhub:service]     loaded module: _0x448194
2025-07-12T09:11:05.726Z CLI debug [instrumentation:service]     loaded module: instrumentation:module
2025-07-12T09:11:05.726Z CLI debug [observability:service]     loaded module: observability:module
2025-07-12T09:11:05.727Z CLI debug [accessibility:service]     loaded module: accessibility:module
2025-07-12T09:11:05.727Z CLI debug [ai:service]     loaded module: _0x2dd194
2025-07-12T09:11:05.727Z CLI debug [percy:service]     loaded module: _0x7eb6bb
2025-07-12T09:11:05.727Z CLI debug [local:service]     loaded module: _0x5db687
2025-07-12T09:11:05.727Z CLI debug [appautomate:service]     loaded module: appautomate:module
2025-07-12T09:11:05.769Z CLI debug [main]     Starting main function execution
2025-07-12T09:11:05.770Z CLI debug [main]     Executing CLI
2025-07-12T09:11:12.720Z CLI debug [testhub:service]     loaded module: _0x448194
2025-07-12T09:11:12.720Z CLI debug [instrumentation:service]     loaded module: instrumentation:module
2025-07-12T09:11:12.721Z CLI debug [observability:service]     loaded module: observability:module
2025-07-12T09:11:12.721Z CLI debug [accessibility:service]     loaded module: accessibility:module
2025-07-12T09:11:12.721Z CLI debug [ai:service]     loaded module: _0x2dd194
2025-07-12T09:11:12.721Z CLI debug [percy:service]     loaded module: _0x7eb6bb
2025-07-12T09:11:12.722Z CLI debug [local:service]     loaded module: _0x5db687
2025-07-12T09:11:12.722Z CLI debug [appautomate:service]     loaded module: appautomate:module
2025-07-12T09:11:12.785Z CLI debug [main]     Starting main function execution
2025-07-12T09:11:12.787Z CLI debug [main]     Executing CLI
2025-07-12T09:11:12.728Z CLI debug [testhub:service]     loaded module: _0x448194
2025-07-12T09:11:12.728Z CLI debug [instrumentation:service]     loaded module: instrumentation:module
2025-07-12T09:11:12.728Z CLI debug [observability:service]     loaded module: observability:module
2025-07-12T09:11:12.729Z CLI debug [accessibility:service]     loaded module: accessibility:module
2025-07-12T09:11:12.729Z CLI debug [ai:service]     loaded module: _0x2dd194
2025-07-12T09:11:12.729Z CLI debug [percy:service]     loaded module: _0x7eb6bb
2025-07-12T09:11:12.730Z CLI debug [local:service]     loaded module: _0x5db687
2025-07-12T09:11:12.730Z CLI debug [appautomate:service]     loaded module: appautomate:module
2025-07-12T09:11:12.793Z CLI debug [main]     Starting main function execution
2025-07-12T09:11:12.794Z CLI debug [main]     Executing CLI
2025-07-12T09:11:12.728Z CLI debug [testhub:service]     loaded module: _0x448194
2025-07-12T09:11:12.729Z CLI debug [instrumentation:service]     loaded module: instrumentation:module
2025-07-12T09:11:12.729Z CLI debug [observability:service]     loaded module: observability:module
2025-07-12T09:11:12.729Z CLI debug [accessibility:service]     loaded module: accessibility:module
2025-07-12T09:11:12.729Z CLI debug [ai:service]     loaded module: _0x2dd194
2025-07-12T09:11:12.729Z CLI debug [percy:service]     loaded module: _0x7eb6bb
2025-07-12T09:11:12.730Z CLI debug [local:service]     loaded module: _0x5db687
2025-07-12T09:11:12.730Z CLI debug [appautomate:service]     loaded module: appautomate:module
2025-07-12T09:11:12.801Z CLI debug [main]     Starting main function execution
2025-07-12T09:11:12.802Z CLI debug [main]     Executing CLI
2025-07-12T09:58:35.867Z CLI debug [testhub:service]     loaded module: _0x448194
2025-07-12T09:58:35.867Z CLI debug [instrumentation:service]     loaded module: instrumentation:module
2025-07-12T09:58:35.867Z CLI debug [observability:service]     loaded module: observability:module
2025-07-12T09:58:35.868Z CLI debug [accessibility:service]     loaded module: accessibility:module
2025-07-12T09:58:35.868Z CLI debug [ai:service]     loaded module: _0x2dd194
2025-07-12T09:58:35.868Z CLI debug [percy:service]     loaded module: _0x7eb6bb
2025-07-12T09:58:35.869Z CLI debug [local:service]     loaded module: _0x5db687
2025-07-12T09:58:35.869Z CLI debug [appautomate:service]     loaded module: appautomate:module
2025-07-12T09:58:35.902Z CLI debug [main]     Starting main function execution
2025-07-12T09:58:35.903Z CLI debug [main]     Executing CLI
2025-07-12T09:58:41.994Z CLI debug [testhub:service]     loaded module: _0x448194
2025-07-12T09:58:41.994Z CLI debug [instrumentation:service]     loaded module: instrumentation:module
2025-07-12T09:58:41.994Z CLI debug [observability:service]     loaded module: observability:module
2025-07-12T09:58:41.995Z CLI debug [accessibility:service]     loaded module: accessibility:module
2025-07-12T09:58:41.995Z CLI debug [ai:service]     loaded module: _0x2dd194
2025-07-12T09:58:41.995Z CLI debug [percy:service]     loaded module: _0x7eb6bb
2025-07-12T09:58:41.996Z CLI debug [local:service]     loaded module: _0x5db687
2025-07-12T09:58:41.996Z CLI debug [appautomate:service]     loaded module: appautomate:module
2025-07-12T09:58:42.041Z CLI debug [main]     Starting main function execution
2025-07-12T09:58:42.042Z CLI debug [main]     Executing CLI
2025-07-12T09:58:41.993Z CLI debug [testhub:service]     loaded module: _0x448194
2025-07-12T09:58:41.993Z CLI debug [instrumentation:service]     loaded module: instrumentation:module
2025-07-12T09:58:41.993Z CLI debug [observability:service]     loaded module: observability:module
2025-07-12T09:58:41.993Z CLI debug [accessibility:service]     loaded module: accessibility:module
2025-07-12T09:58:41.994Z CLI debug [ai:service]     loaded module: _0x2dd194
2025-07-12T09:58:41.994Z CLI debug [percy:service]     loaded module: _0x7eb6bb
2025-07-12T09:58:41.995Z CLI debug [local:service]     loaded module: _0x5db687
2025-07-12T09:58:41.995Z CLI debug [appautomate:service]     loaded module: appautomate:module
2025-07-12T09:58:42.042Z CLI debug [main]     Starting main function execution
2025-07-12T09:58:42.043Z CLI debug [main]     Executing CLI
2025-07-12T09:58:42.028Z CLI debug [testhub:service]     loaded module: _0x448194
2025-07-12T09:58:42.028Z CLI debug [instrumentation:service]     loaded module: instrumentation:module
2025-07-12T09:58:42.028Z CLI debug [observability:service]     loaded module: observability:module
2025-07-12T09:58:42.028Z CLI debug [accessibility:service]     loaded module: accessibility:module
2025-07-12T09:58:42.029Z CLI debug [ai:service]     loaded module: _0x2dd194
2025-07-12T09:58:42.029Z CLI debug [percy:service]     loaded module: _0x7eb6bb
2025-07-12T09:58:42.030Z CLI debug [local:service]     loaded module: _0x5db687
2025-07-12T09:58:42.030Z CLI debug [appautomate:service]     loaded module: appautomate:module
2025-07-12T09:58:42.089Z CLI debug [main]     Starting main function execution
2025-07-12T09:58:42.090Z CLI debug [main]     Executing CLI
2025-07-12T10:07:46.554Z CLI debug [testhub:service]     loaded module: _0x448194
2025-07-12T10:07:46.554Z CLI debug [instrumentation:service]     loaded module: instrumentation:module
2025-07-12T10:07:46.555Z CLI debug [observability:service]     loaded module: observability:module
2025-07-12T10:07:46.555Z CLI debug [accessibility:service]     loaded module: accessibility:module
2025-07-12T10:07:46.555Z CLI debug [ai:service]     loaded module: _0x2dd194
2025-07-12T10:07:46.555Z CLI debug [percy:service]     loaded module: _0x7eb6bb
2025-07-12T10:07:46.556Z CLI debug [local:service]     loaded module: _0x5db687
2025-07-12T10:07:46.556Z CLI debug [appautomate:service]     loaded module: appautomate:module
2025-07-12T10:07:46.589Z CLI debug [main]     Starting main function execution
2025-07-12T10:07:46.590Z CLI debug [main]     Executing CLI
2025-07-12T10:07:52.865Z CLI debug [testhub:service]     loaded module: _0x448194
2025-07-12T10:07:52.865Z CLI debug [instrumentation:service]     loaded module: instrumentation:module
2025-07-12T10:07:52.865Z CLI debug [observability:service]     loaded module: observability:module
2025-07-12T10:07:52.865Z CLI debug [accessibility:service]     loaded module: accessibility:module
2025-07-12T10:07:52.866Z CLI debug [ai:service]     loaded module: _0x2dd194
2025-07-12T10:07:52.866Z CLI debug [percy:service]     loaded module: _0x7eb6bb
2025-07-12T10:07:52.867Z CLI debug [local:service]     loaded module: _0x5db687
2025-07-12T10:07:52.867Z CLI debug [appautomate:service]     loaded module: appautomate:module
2025-07-12T10:07:52.917Z CLI debug [main]     Starting main function execution
2025-07-12T10:07:52.917Z CLI debug [main]     Executing CLI
2025-07-12T10:07:52.861Z CLI debug [testhub:service]     loaded module: _0x448194
2025-07-12T10:07:52.861Z CLI debug [instrumentation:service]     loaded module: instrumentation:module
2025-07-12T10:07:52.862Z CLI debug [observability:service]     loaded module: observability:module
2025-07-12T10:07:52.862Z CLI debug [accessibility:service]     loaded module: accessibility:module
2025-07-12T10:07:52.862Z CLI debug [ai:service]     loaded module: _0x2dd194
2025-07-12T10:07:52.863Z CLI debug [percy:service]     loaded module: _0x7eb6bb
2025-07-12T10:07:52.863Z CLI debug [local:service]     loaded module: _0x5db687
2025-07-12T10:07:52.864Z CLI debug [appautomate:service]     loaded module: appautomate:module
2025-07-12T10:07:52.918Z CLI debug [main]     Starting main function execution
2025-07-12T10:07:52.919Z CLI debug [main]     Executing CLI
2025-07-12T10:07:52.870Z CLI debug [testhub:service]     loaded module: _0x448194
2025-07-12T10:07:52.870Z CLI debug [instrumentation:service]     loaded module: instrumentation:module
2025-07-12T10:07:52.870Z CLI debug [observability:service]     loaded module: observability:module
2025-07-12T10:07:52.871Z CLI debug [accessibility:service]     loaded module: accessibility:module
2025-07-12T10:07:52.871Z CLI debug [ai:service]     loaded module: _0x2dd194
2025-07-12T10:07:52.872Z CLI debug [percy:service]     loaded module: _0x7eb6bb
2025-07-12T10:07:52.873Z CLI debug [local:service]     loaded module: _0x5db687
2025-07-12T10:07:52.873Z CLI debug [appautomate:service]     loaded module: appautomate:module
2025-07-12T10:07:52.923Z CLI debug [main]     Starting main function execution
2025-07-12T10:07:52.923Z CLI debug [main]     Executing CLI
